<?xml version="1.0" encoding="UTF-8"?>
<testng-results skipped="0" failed="0" ignored="0" total="1" passed="1">
  <reporter-output>
  </reporter-output>
  <suite name="Default suite" duration-ms="78" started-at="2018-06-22T07:18:26Z" finished-at="2018-06-22T07:18:26Z">
    <groups>
    </groups>
    <test name="Default test" duration-ms="78" started-at="2018-06-22T07:18:26Z" finished-at="2018-06-22T07:18:26Z">
      <class name="automation.login.LoginTest">
        <test-method status="PASS" signature="beforeTest()[pri:0, instance:automation.login.LoginTest@18355a8]" name="beforeTest" is-config="true" duration-ms="15" started-at="2018-06-22T07:18:26Z" finished-at="2018-06-22T07:18:26Z">
          <reporter-output>
          </reporter-output>
        </test-method> <!-- beforeTest -->
        <test-method status="PASS" signature="f()[pri:0, instance:automation.login.LoginTest@18355a8]" name="f" duration-ms="0" started-at="2018-06-22T07:18:26Z" finished-at="2018-06-22T07:18:26Z">
          <reporter-output>
          </reporter-output>
        </test-method> <!-- f -->
        <test-method status="PASS" signature="afterTest()[pri:0, instance:automation.login.LoginTest@18355a8]" name="afterTest" is-config="true" duration-ms="0" started-at="2018-06-22T07:18:26Z" finished-at="2018-06-22T07:18:26Z">
          <reporter-output>
          </reporter-output>
        </test-method> <!-- afterTest -->
      </class> <!-- automation.login.LoginTest -->
    </test> <!-- Default test -->
  </suite> <!-- Default suite -->
</testng-results>
